  [4;36;1mSQL (0.2ms)[0m   [0;1mSET NAMES 'utf8'[0m
  [4;35;1mSQL (0.1ms)[0m   [0mSET SQL_AUTO_IS_NULL=0[0m
  [4;36;1mSQL (37.7ms)[0m   [0;1mSHOW TABLES[0m
  [4;35;1mSQL (385.0ms)[0m   [0mCREATE TABLE `schema_migrations` (`version` varchar(255) NOT NULL) ENGINE=InnoDB[0m
  [4;36;1mSQL (360.3ms)[0m   [0;1mCREATE UNIQUE INDEX `unique_schema_migrations` ON `schema_migrations` (`version`)[0m
  [4;35;1mSQL (0.4ms)[0m   [0mSHOW TABLES[0m
  [4;36;1mSQL (0.3ms)[0m   [0;1mSELECT version FROM schema_migrations[0m
Migrating to CreateUsers (20091016182301)
  [4;35;1mSQL (0.4ms)[0m   [0mSHOW TABLES[0m
  [4;36;1mSQL (31.3ms)[0m   [0;1mCREATE TABLE `users` (`id` int(11) DEFAULT NULL auto_increment PRIMARY KEY, `login` varchar(40), `name` varchar(100) DEFAULT '', `email` varchar(100), `crypted_password` varchar(40), `salt` varchar(40), `created_at` datetime, `updated_at` datetime, `remember_token` varchar(40), `remember_token_expires_at` datetime) ENGINE=InnoDB[0m
  [4;35;1mSQL (61.6ms)[0m   [0mCREATE UNIQUE INDEX `index_users_on_login` ON `users` (`login`)[0m
  [4;36;1mSQL (46.9ms)[0m   [0;1mINSERT INTO schema_migrations (version) VALUES ('20091016182301')[0m
  [4;35;1mSQL (0.5ms)[0m   [0mSHOW TABLES[0m
  [4;36;1mSQL (0.2ms)[0m   [0;1mSELECT version FROM schema_migrations[0m
  [4;35;1mSQL (0.2ms)[0m   [0mSHOW TABLES[0m
  [4;36;1mSQL (16.4ms)[0m   [0;1mSHOW FIELDS FROM `users`[0m
  [4;35;1mSQL (2.0ms)[0m   [0mdescribe `users`[0m
  [4;36;1mSQL (21.3ms)[0m   [0;1mSHOW KEYS FROM `users`[0m
  [4;36;1mSQL (0.2ms)[0m   [0;1mSET NAMES 'utf8'[0m
  [4;35;1mSQL (0.1ms)[0m   [0mSET SQL_AUTO_IS_NULL=0[0m


Processing UsersController#new (for 127.0.0.1 at 2009-10-16 11:26:40) [GET]
  [4;36;1mUser Columns (2.1ms)[0m   [0;1mSHOW FIELDS FROM `users`[0m
Rendering users/new
Completed in 176ms (View: 164, DB: 2) | 200 OK [http://localhost/signup]
  [4;36;1mSQL (0.2ms)[0m   [0;1mSET NAMES 'utf8'[0m
  [4;35;1mSQL (0.1ms)[0m   [0mSET SQL_AUTO_IS_NULL=0[0m
  [4;36;1mSQL (0.4ms)[0m   [0;1mSHOW TABLES[0m
  [4;35;1mSQL (0.2ms)[0m   [0mSELECT version FROM schema_migrations[0m
Migrating to CreateUsers (20091016182301)
Migrating to AddUsersFb (20091016182705)
  [4;36;1mSQL (77.5ms)[0m   [0;1mALTER TABLE `users` ADD `fb_user_id` int(11)[0m
  [4;35;1mSQL (46.0ms)[0m   [0mALTER TABLE `users` ADD `email_hash` varchar(255)[0m
  [4;36;1mSQL (67.0ms)[0m   [0;1malter table users modify fb_user_id bigint[0m
  [4;35;1mSQL (0.7ms)[0m   [0mINSERT INTO schema_migrations (version) VALUES ('20091016182705')[0m
  [4;36;1mSQL (0.6ms)[0m   [0;1mSHOW TABLES[0m
  [4;35;1mSQL (0.2ms)[0m   [0mSELECT version FROM schema_migrations[0m
  [4;36;1mSQL (0.3ms)[0m   [0;1mSHOW TABLES[0m
  [4;35;1mSQL (2.1ms)[0m   [0mSHOW FIELDS FROM `users`[0m
  [4;36;1mSQL (2.2ms)[0m   [0;1mdescribe `users`[0m
  [4;35;1mSQL (0.4ms)[0m   [0mSHOW KEYS FROM `users`[0m
  [4;36;1mSQL (0.3ms)[0m   [0;1mSET NAMES 'utf8'[0m
  [4;35;1mSQL (0.1ms)[0m   [0mSET SQL_AUTO_IS_NULL=0[0m


Processing SessionsController#new (for 127.0.0.1 at 2009-10-16 11:48:08) [GET]
Rendering template within layouts/application
Rendering sessions/new
Completed in 19ms (View: 17, DB: 0) | 200 OK [http://localhost/login]
  [4;36;1mSQL (0.1ms)[0m   [0;1mSET NAMES 'utf8'[0m
  [4;35;1mSQL (0.1ms)[0m   [0mSET SQL_AUTO_IS_NULL=0[0m


Processing SessionsController#new (for 127.0.0.1 at 2009-10-16 12:03:10) [GET]
Rendering template within layouts/application
Rendering sessions/new
Completed in 6ms (View: 3, DB: 0) | 200 OK [http://localhost/login]
  [4;36;1mSQL (0.1ms)[0m   [0;1mSET NAMES 'utf8'[0m
  [4;35;1mSQL (0.1ms)[0m   [0mSET SQL_AUTO_IS_NULL=0[0m


Processing SessionsController#new (for 127.0.0.1 at 2009-10-16 12:03:18) [GET]
Rendering template within layouts/application
Rendering sessions/new
Completed in 5ms (View: 3, DB: 0) | 200 OK [http://localhost/login]
  [4;36;1mSQL (0.4ms)[0m   [0;1mSET NAMES 'utf8'[0m
  [4;35;1mSQL (0.1ms)[0m   [0mSET SQL_AUTO_IS_NULL=0[0m


Processing UsersController#show (for 127.0.0.1 at 2009-10-16 12:04:46) [GET]
  Parameters: {"id"=>"link_user_accounts"}

ActionController::UnknownAction (No action responded to show. Actions: create, create_facebook_session, create_facebook_session_with_secret, facebook_params, facebook_session, facebook_session_parameters, home, link_user_accounts, new, one_or_true, redirect_to, render_publisher_error, render_publisher_interface, render_publisher_response, set_facebook_session, top_redirect_to, wants_interface?, and zero_or_false):
  

Rendering /Users/sthorpe/Programming/Rails/connect_tutorial/vendor/plugins/facebooker/templates/layout.erb (200)
  [4;36;1mSQL (0.1ms)[0m   [0;1mSET NAMES 'utf8'[0m
  [4;35;1mSQL (0.1ms)[0m   [0mSET SQL_AUTO_IS_NULL=0[0m


Processing UsersController#show (for 127.0.0.1 at 2009-10-16 12:04:46) [GET]
  Parameters: {"id"=>"link_user_accounts"}

ActionController::UnknownAction (No action responded to show. Actions: create, create_facebook_session, create_facebook_session_with_secret, facebook_params, facebook_session, facebook_session_parameters, home, link_user_accounts, new, one_or_true, redirect_to, render_publisher_error, render_publisher_interface, render_publisher_response, set_facebook_session, top_redirect_to, wants_interface?, and zero_or_false):
  

Rendering /Users/sthorpe/Programming/Rails/connect_tutorial/vendor/plugins/facebooker/templates/layout.erb (200)
  [4;36;1mSQL (0.9ms)[0m   [0;1mSET NAMES 'utf8'[0m
  [4;35;1mSQL (0.1ms)[0m   [0mSET SQL_AUTO_IS_NULL=0[0m


Processing UsersController#show (for 127.0.0.1 at 2009-10-16 12:05:53) [GET]
  Parameters: {"id"=>"link_user_accounts"}

ActionController::UnknownAction (No action responded to show. Actions: create, create_facebook_session, create_facebook_session_with_secret, facebook_params, facebook_session, facebook_session_parameters, home, link_user_accounts, new, one_or_true, redirect_to, render_publisher_error, render_publisher_interface, render_publisher_response, set_facebook_session, top_redirect_to, wants_interface?, and zero_or_false):
  

Rendering /Users/sthorpe/Programming/Rails/connect_tutorial/vendor/plugins/facebooker/templates/layout.erb (200)
  [4;36;1mSQL (0.3ms)[0m   [0;1mSET NAMES 'utf8'[0m
  [4;35;1mSQL (0.1ms)[0m   [0mSET SQL_AUTO_IS_NULL=0[0m


Processing UsersController#show (for 127.0.0.1 at 2009-10-16 12:06:40) [GET]
  Parameters: {"id"=>"link_user_accounts"}

ActionController::UnknownAction (No action responded to show. Actions: create, create_facebook_session, create_facebook_session_with_secret, facebook_params, facebook_session, facebook_session_parameters, home, link_user_accounts, new, one_or_true, redirect_to, render_publisher_error, render_publisher_interface, render_publisher_response, set_facebook_session, top_redirect_to, wants_interface?, and zero_or_false):
  

Rendering /Users/sthorpe/Programming/Rails/connect_tutorial/vendor/plugins/facebooker/templates/layout.erb (200)
  [4;36;1mSQL (0.1ms)[0m   [0;1mSET NAMES 'utf8'[0m
  [4;35;1mSQL (0.1ms)[0m   [0mSET SQL_AUTO_IS_NULL=0[0m


Processing UsersController#home (for 127.0.0.1 at 2009-10-16 12:06:46) [GET]
Rendering template within layouts/application
Rendering users/home
  [4;36;1mUser Columns (2.4ms)[0m   [0;1mSHOW FIELDS FROM `users`[0m
  [4;35;1mUser Load (21.4ms)[0m   [0mSELECT * FROM `users` WHERE (`users`.`fb_user_id` = 503484735) LIMIT 1[0m
facebook.users.getInfo (1.9186110496521) fields = status,political,pic_small,name,quotes,is_app_user,tv,profile_update_time,meeting_sex,hs_info,timezone,relationship_status,hometown_location,about_me,wall_count,significant_other_id,pic_big,music,work_history,sex,religion,notes_count,activities,pic_square,movies,has_added_app,education_history,birthday,birthday_date,first_name,meeting_for,last_name,interests,current_location,pic,books,affiliations,locale,profile_url,proxied_email,email_hashes,allowed_restrictions,pic_with_logo,pic_big_with_logo,pic_small_with_logo,pic_square_with_logo,online_presence,verified,profile_blurb,username,website,is_blocked,family, uids = 503484735
  [4;36;1mUser Load (0.3ms)[0m   [0;1mSELECT * FROM `users` WHERE (`users`.`email_hash` IN (NULL)) LIMIT 1[0m
Completed in 2136ms (View: 2109, DB: 24) | 200 OK [http://localhost/]
  [4;35;1mSQL (0.1ms)[0m   [0mSET NAMES 'utf8'[0m
  [4;36;1mSQL (0.2ms)[0m   [0;1mSET SQL_AUTO_IS_NULL=0[0m


Processing SessionsController#new (for 127.0.0.1 at 2009-10-16 12:06:53) [GET]
Rendering template within layouts/application
Rendering sessions/new
Completed in 13ms (View: 10, DB: 0) | 200 OK [http://localhost/login]
  [4;35;1mSQL (0.1ms)[0m   [0mSET NAMES 'utf8'[0m
  [4;36;1mSQL (0.1ms)[0m   [0;1mSET SQL_AUTO_IS_NULL=0[0m


Processing UsersController#show (for 127.0.0.1 at 2009-10-16 12:06:55) [GET]
  Parameters: {"id"=>"link_user_accounts"}

ActionController::UnknownAction (No action responded to show. Actions: create, create_facebook_session, create_facebook_session_with_secret, facebook_params, facebook_session, facebook_session_parameters, home, link_user_accounts, new, one_or_true, redirect_to, render_publisher_error, render_publisher_interface, render_publisher_response, set_facebook_session, top_redirect_to, wants_interface?, and zero_or_false):
  

Rendering /Users/sthorpe/Programming/Rails/connect_tutorial/vendor/plugins/facebooker/templates/layout.erb (200)
  [4;36;1mSQL (0.3ms)[0m   [0;1mSET NAMES 'utf8'[0m
  [4;35;1mSQL (0.1ms)[0m   [0mSET SQL_AUTO_IS_NULL=0[0m
  [4;36;1mSQL (0.5ms)[0m   [0;1mSHOW TABLES[0m
  [4;35;1mSQL (0.2ms)[0m   [0mSELECT version FROM schema_migrations[0m
Migrating to CreateUsers (20091016182301)
Migrating to AddUsersFb (20091016182705)
  [4;36;1mSQL (0.4ms)[0m   [0;1mSHOW TABLES[0m
  [4;35;1mSQL (0.2ms)[0m   [0mSELECT version FROM schema_migrations[0m
  [4;36;1mSQL (0.3ms)[0m   [0;1mSHOW TABLES[0m
  [4;35;1mSQL (1.9ms)[0m   [0mSHOW FIELDS FROM `users`[0m
  [4;36;1mSQL (2.1ms)[0m   [0;1mdescribe `users`[0m
  [4;35;1mSQL (0.4ms)[0m   [0mSHOW KEYS FROM `users`[0m
  [4;36;1mSQL (0.3ms)[0m   [0;1mSET NAMES 'utf8'[0m
  [4;35;1mSQL (0.1ms)[0m   [0mSET SQL_AUTO_IS_NULL=0[0m


Processing UsersController#link_user_accounts (for 127.0.0.1 at 2009-10-16 12:39:15) [GET]
  [4;36;1mUser Columns (2.3ms)[0m   [0;1mSHOW FIELDS FROM `users`[0m
  [4;35;1mUser Load (0.4ms)[0m   [0mSELECT * FROM `users` WHERE (`users`.`fb_user_id` = 503484735) LIMIT 1[0m
facebook.users.getInfo (0.490447998046875) fields = status,political,pic_small,name,quotes,is_app_user,tv,profile_update_time,meeting_sex,hs_info,timezone,relationship_status,hometown_location,about_me,wall_count,significant_other_id,pic_big,music,work_history,sex,religion,notes_count,activities,pic_square,movies,has_added_app,education_history,birthday,birthday_date,first_name,meeting_for,last_name,interests,current_location,pic,books,affiliations,locale,profile_url,proxied_email,email_hashes,allowed_restrictions,pic_with_logo,pic_big_with_logo,pic_small_with_logo,pic_square_with_logo,online_presence,verified,profile_blurb,username,website,is_blocked,family, uids = 503484735
  [4;36;1mUser Load (0.5ms)[0m   [0;1mSELECT * FROM `users` WHERE (`users`.`email_hash` IN (NULL)) LIMIT 1[0m
  [4;35;1mSQL (0.1ms)[0m   [0mBEGIN[0m
  [4;36;1mUser Create (0.3ms)[0m   [0;1mINSERT INTO `users` (`name`, `salt`, `updated_at`, `crypted_password`, `remember_token_expires_at`, `fb_user_id`, `email_hash`, `remember_token`, `login`, `email`, `created_at`) VALUES('Scott Thorpe', NULL, '2009-10-16 19:39:16', NULL, NULL, 503484735, NULL, NULL, 'facebooker_503484735', '', '2009-10-16 19:39:16')[0m
facebook.connect.registerUsers (1.14953398704529) accounts = [{"account_id":1,"email_hash":"0_d41d8cd98f00b204e9800998ecf8427e"}]
  [4;35;1mUser Update (0.4ms)[0m   [0mUPDATE `users` SET `created_at` = '2009-10-16 19:39:16', `login` = 'facebooker_503484735', `email` = '', `email_hash` = '0_d41d8cd98f00b204e9800998ecf8427e', `fb_user_id` = 503484735, `updated_at` = '2009-10-16 19:39:17', `name` = 'Scott Thorpe' WHERE `id` = 1[0m
  [4;36;1mSQL (0.6ms)[0m   [0;1mCOMMIT[0m
facebook.connect.registerUsers (0.245564937591553) accounts = [{"account_id":1,"email_hash":"0_d41d8cd98f00b204e9800998ecf8427e"}]
  [4;35;1mSQL (0.1ms)[0m   [0mBEGIN[0m
  [4;36;1mSQL (0.1ms)[0m   [0;1mCOMMIT[0m
Redirected to http://localhost:3000/
Completed in 2302ms (DB: 5) | 302 Found [http://localhost/users/link_user_accounts]
  [4;35;1mSQL (0.1ms)[0m   [0mSET NAMES 'utf8'[0m
  [4;36;1mSQL (0.1ms)[0m   [0;1mSET SQL_AUTO_IS_NULL=0[0m


Processing UsersController#home (for 127.0.0.1 at 2009-10-16 12:39:17) [GET]
Rendering template within layouts/application
Rendering users/home
  [4;35;1mUser Columns (2.2ms)[0m   [0mSHOW FIELDS FROM `users`[0m
  [4;36;1mUser Load (0.3ms)[0m   [0;1mSELECT * FROM `users` WHERE (`users`.`fb_user_id` = 503484735) LIMIT 1[0m
Completed in 62ms (View: 57, DB: 3) | 200 OK [http://localhost/]
  [4;35;1mSQL (0.1ms)[0m   [0mSET NAMES 'utf8'[0m
  [4;36;1mSQL (0.1ms)[0m   [0;1mSET SQL_AUTO_IS_NULL=0[0m


Processing UsersController#link_user_accounts (for 127.0.0.1 at 2009-10-16 12:46:07) [GET]
  [4;35;1mUser Columns (2.4ms)[0m   [0mSHOW FIELDS FROM `users`[0m
  [4;36;1mUser Load (0.7ms)[0m   [0;1mSELECT * FROM `users` WHERE (`users`.`id` = 1) LIMIT 1[0m
Redirected to http://localhost:3000/
Completed in 21ms (DB: 3) | 302 Found [http://localhost/users/link_user_accounts]
  [4;35;1mSQL (0.1ms)[0m   [0mSET NAMES 'utf8'[0m
  [4;36;1mSQL (0.1ms)[0m   [0;1mSET SQL_AUTO_IS_NULL=0[0m


Processing UsersController#home (for 127.0.0.1 at 2009-10-16 12:46:07) [GET]
Rendering template within layouts/application
Rendering users/home
  [4;35;1mUser Columns (2.3ms)[0m   [0mSHOW FIELDS FROM `users`[0m
  [4;36;1mUser Load (0.3ms)[0m   [0;1mSELECT * FROM `users` WHERE (`users`.`id` = 1) LIMIT 1[0m
Completed in 21ms (View: 16, DB: 3) | 200 OK [http://localhost/]
  [4;35;1mSQL (1.5ms)[0m   [0mSET NAMES 'utf8'[0m
  [4;36;1mSQL (0.2ms)[0m   [0;1mSET SQL_AUTO_IS_NULL=0[0m


Processing UsersController#link_user_accounts (for 127.0.0.1 at 2009-10-16 12:46:19) [GET]
  [4;35;1mUser Columns (2.6ms)[0m   [0mSHOW FIELDS FROM `users`[0m
  [4;36;1mUser Load (1.5ms)[0m   [0;1mSELECT * FROM `users` WHERE (`users`.`id` = 1) LIMIT 1[0m
Redirected to http://localhost:3000/
Completed in 19ms (DB: 6) | 302 Found [http://localhost/users/link_user_accounts]
  [4;35;1mSQL (0.1ms)[0m   [0mSET NAMES 'utf8'[0m
  [4;36;1mSQL (0.1ms)[0m   [0;1mSET SQL_AUTO_IS_NULL=0[0m


Processing UsersController#home (for 127.0.0.1 at 2009-10-16 12:46:19) [GET]
Rendering template within layouts/application
Rendering users/home
  [4;35;1mUser Columns (2.1ms)[0m   [0mSHOW FIELDS FROM `users`[0m
  [4;36;1mUser Load (0.3ms)[0m   [0;1mSELECT * FROM `users` WHERE (`users`.`id` = 1) LIMIT 1[0m
Completed in 36ms (View: 30, DB: 3) | 200 OK [http://localhost/]
  [4;35;1mSQL (0.1ms)[0m   [0mSET NAMES 'utf8'[0m
  [4;36;1mSQL (0.1ms)[0m   [0;1mSET SQL_AUTO_IS_NULL=0[0m


Processing UsersController#link_user_accounts (for 127.0.0.1 at 2009-10-16 12:46:30) [GET]
  [4;35;1mUser Columns (402.4ms)[0m   [0mSHOW FIELDS FROM `users`[0m
  [4;36;1mUser Load (0.3ms)[0m   [0;1mSELECT * FROM `users` WHERE (`users`.`id` = 1) LIMIT 1[0m
Redirected to http://localhost:3000/
Completed in 418ms (DB: 403) | 302 Found [http://localhost/users/link_user_accounts]
  [4;35;1mSQL (0.1ms)[0m   [0mSET NAMES 'utf8'[0m
  [4;36;1mSQL (0.1ms)[0m   [0;1mSET SQL_AUTO_IS_NULL=0[0m


Processing UsersController#home (for 127.0.0.1 at 2009-10-16 12:46:30) [GET]
Rendering template within layouts/application
Rendering users/home
  [4;35;1mUser Columns (2.1ms)[0m   [0mSHOW FIELDS FROM `users`[0m
  [4;36;1mUser Load (0.3ms)[0m   [0;1mSELECT * FROM `users` WHERE (`users`.`id` = 1) LIMIT 1[0m
Completed in 22ms (View: 17, DB: 3) | 200 OK [http://localhost/]
  [4;35;1mSQL (0.1ms)[0m   [0mSET NAMES 'utf8'[0m
  [4;36;1mSQL (0.1ms)[0m   [0;1mSET SQL_AUTO_IS_NULL=0[0m


Processing UsersController#link_user_accounts (for 127.0.0.1 at 2009-10-16 12:50:46) [GET]
  [4;35;1mUser Columns (4.2ms)[0m   [0mSHOW FIELDS FROM `users`[0m
  [4;36;1mUser Load (0.6ms)[0m   [0;1mSELECT * FROM `users` WHERE (`users`.`id` = 1) LIMIT 1[0m
Redirected to http://localhost:3000/
Completed in 21ms (DB: 5) | 302 Found [http://localhost/users/link_user_accounts]
  [4;35;1mSQL (0.3ms)[0m   [0mSET NAMES 'utf8'[0m
  [4;36;1mSQL (0.1ms)[0m   [0;1mSET SQL_AUTO_IS_NULL=0[0m


Processing UsersController#home (for 127.0.0.1 at 2009-10-16 12:50:46) [GET]
Rendering template within layouts/application
Rendering users/home
  [4;35;1mUser Columns (2.1ms)[0m   [0mSHOW FIELDS FROM `users`[0m
  [4;36;1mUser Load (0.3ms)[0m   [0;1mSELECT * FROM `users` WHERE (`users`.`id` = 1) LIMIT 1[0m
Completed in 27ms (View: 22, DB: 3) | 200 OK [http://localhost/]
  [4;35;1mSQL (0.1ms)[0m   [0mSET NAMES 'utf8'[0m
  [4;36;1mSQL (2.6ms)[0m   [0;1mSET SQL_AUTO_IS_NULL=0[0m


Processing UsersController#link_user_accounts (for 127.0.0.1 at 2009-10-16 12:51:28) [GET]
  [4;35;1mUser Columns (2.1ms)[0m   [0mSHOW FIELDS FROM `users`[0m
  [4;36;1mUser Load (1.4ms)[0m   [0;1mSELECT * FROM `users` WHERE (`users`.`id` = 1) LIMIT 1[0m
Redirected to http://localhost:3000/
Completed in 22ms (DB: 6) | 302 Found [http://localhost/users/link_user_accounts]
  [4;35;1mSQL (0.1ms)[0m   [0mSET NAMES 'utf8'[0m
  [4;36;1mSQL (0.1ms)[0m   [0;1mSET SQL_AUTO_IS_NULL=0[0m


Processing UsersController#home (for 127.0.0.1 at 2009-10-16 12:51:28) [GET]
Rendering template within layouts/application
Rendering users/home
  [4;35;1mUser Columns (2.2ms)[0m   [0mSHOW FIELDS FROM `users`[0m
  [4;36;1mUser Load (0.3ms)[0m   [0;1mSELECT * FROM `users` WHERE (`users`.`id` = 1) LIMIT 1[0m
Completed in 27ms (View: 18, DB: 3) | 200 OK [http://localhost/]
  [4;35;1mSQL (0.1ms)[0m   [0mSET NAMES 'utf8'[0m
  [4;36;1mSQL (0.2ms)[0m   [0;1mSET SQL_AUTO_IS_NULL=0[0m


Processing UsersController#link_user_accounts (for 127.0.0.1 at 2009-10-16 12:52:39) [GET]
  [4;35;1mUser Columns (2.5ms)[0m   [0mSHOW FIELDS FROM `users`[0m
  [4;36;1mUser Load (1.0ms)[0m   [0;1mSELECT * FROM `users` WHERE (`users`.`id` = 1) LIMIT 1[0m
Redirected to http://localhost:3000/
Completed in 18ms (DB: 4) | 302 Found [http://localhost/users/link_user_accounts]
  [4;35;1mSQL (0.1ms)[0m   [0mSET NAMES 'utf8'[0m
  [4;36;1mSQL (0.1ms)[0m   [0;1mSET SQL_AUTO_IS_NULL=0[0m


Processing UsersController#home (for 127.0.0.1 at 2009-10-16 12:52:39) [GET]
Rendering template within layouts/application
Rendering users/home
  [4;35;1mUser Columns (3.4ms)[0m   [0mSHOW FIELDS FROM `users`[0m
  [4;36;1mUser Load (2.6ms)[0m   [0;1mSELECT * FROM `users` WHERE (`users`.`id` = 1) LIMIT 1[0m
Completed in 32ms (View: 22, DB: 6) | 200 OK [http://localhost/]
  [4;35;1mSQL (0.1ms)[0m   [0mSET NAMES 'utf8'[0m
  [4;36;1mSQL (0.1ms)[0m   [0;1mSET SQL_AUTO_IS_NULL=0[0m


Processing UsersController#link_user_accounts (for 127.0.0.1 at 2009-10-16 12:55:08) [GET]
  [4;35;1mUser Columns (4.1ms)[0m   [0mSHOW FIELDS FROM `users`[0m
  [4;36;1mUser Load (0.6ms)[0m   [0;1mSELECT * FROM `users` WHERE (`users`.`id` = 1) LIMIT 1[0m
Redirected to http://localhost:3000/
Completed in 20ms (DB: 5) | 302 Found [http://localhost/users/link_user_accounts]
  [4;35;1mSQL (0.1ms)[0m   [0mSET NAMES 'utf8'[0m
  [4;36;1mSQL (0.2ms)[0m   [0;1mSET SQL_AUTO_IS_NULL=0[0m


Processing UsersController#home (for 127.0.0.1 at 2009-10-16 12:55:08) [GET]
Rendering template within layouts/application
Rendering users/home
  [4;35;1mUser Columns (2.1ms)[0m   [0mSHOW FIELDS FROM `users`[0m
  [4;36;1mUser Load (0.5ms)[0m   [0;1mSELECT * FROM `users` WHERE (`users`.`id` = 1) LIMIT 1[0m
Completed in 22ms (View: 17, DB: 3) | 200 OK [http://localhost/]
  [4;35;1mSQL (0.1ms)[0m   [0mSET NAMES 'utf8'[0m
  [4;36;1mSQL (0.1ms)[0m   [0;1mSET SQL_AUTO_IS_NULL=0[0m


Processing UsersController#link_user_accounts (for 127.0.0.1 at 2009-10-16 12:55:22) [GET]
  [4;35;1mUser Columns (2.1ms)[0m   [0mSHOW FIELDS FROM `users`[0m
  [4;36;1mUser Load (1.6ms)[0m   [0;1mSELECT * FROM `users` WHERE (`users`.`id` = 1) LIMIT 1[0m
Redirected to http://localhost:3000/
Completed in 18ms (DB: 4) | 302 Found [http://localhost/users/link_user_accounts]
  [4;35;1mSQL (0.1ms)[0m   [0mSET NAMES 'utf8'[0m
  [4;36;1mSQL (0.1ms)[0m   [0;1mSET SQL_AUTO_IS_NULL=0[0m


Processing UsersController#home (for 127.0.0.1 at 2009-10-16 12:55:22) [GET]
Rendering template within layouts/application
Rendering users/home
  [4;35;1mUser Columns (2.3ms)[0m   [0mSHOW FIELDS FROM `users`[0m
  [4;36;1mUser Load (0.3ms)[0m   [0;1mSELECT * FROM `users` WHERE (`users`.`id` = 1) LIMIT 1[0m
Completed in 23ms (View: 17, DB: 3) | 200 OK [http://localhost/]
  [4;35;1mSQL (0.1ms)[0m   [0mSET NAMES 'utf8'[0m
  [4;36;1mSQL (0.1ms)[0m   [0;1mSET SQL_AUTO_IS_NULL=0[0m


Processing UsersController#link_user_accounts (for 127.0.0.1 at 2009-10-16 12:59:56) [GET]
  [4;35;1mUser Columns (2.4ms)[0m   [0mSHOW FIELDS FROM `users`[0m
  [4;36;1mUser Load (0.4ms)[0m   [0;1mSELECT * FROM `users` WHERE (`users`.`id` = 1) LIMIT 1[0m
Redirected to http://localhost:3000/
Completed in 19ms (DB: 3) | 302 Found [http://localhost/users/link_user_accounts]
  [4;35;1mSQL (0.2ms)[0m   [0mSET NAMES 'utf8'[0m
  [4;36;1mSQL (0.1ms)[0m   [0;1mSET SQL_AUTO_IS_NULL=0[0m


Processing UsersController#home (for 127.0.0.1 at 2009-10-16 12:59:56) [GET]
Rendering template within layouts/application
Rendering users/home
  [4;35;1mUser Columns (2.0ms)[0m   [0mSHOW FIELDS FROM `users`[0m
  [4;36;1mUser Load (0.3ms)[0m   [0;1mSELECT * FROM `users` WHERE (`users`.`id` = 1) LIMIT 1[0m

ActionView::TemplateError (undefined method `friend_lists' for #<User:0x221d5d4>) on line #8 of app/views/users/home.html.erb:
5: <p><a href="#" onclick='FB.Connect.logoutAndRedirect("/logout")'>Logout</a></p>
6: <u>Status:</u>
7: <fb:user-status uid="<%= current_user.fb_user_id%>" linked="true"/>
8: <%= current_user.friend_lists%>
9: <% else %>
10: <p>why don't you connect with your facebook account</p>
11: <%= fb_login_button('window.location = "/users/link_user_accounts";')%>

    app/views/users/home.html.erb:8

Rendered rescues/_trace (125.8ms)
Rendered rescues/_request_and_response (1.8ms)
Rendering /Users/sthorpe/Programming/Rails/connect_tutorial/vendor/plugins/facebooker/templates/layout.erb (200)
  [4;35;1mSQL (0.1ms)[0m   [0mSET NAMES 'utf8'[0m
  [4;36;1mSQL (0.1ms)[0m   [0;1mSET SQL_AUTO_IS_NULL=0[0m


Processing UsersController#link_user_accounts (for 127.0.0.1 at 2009-10-16 13:02:23) [GET]
  [4;35;1mUser Columns (2.2ms)[0m   [0mSHOW FIELDS FROM `users`[0m
  [4;36;1mUser Load (1.6ms)[0m   [0;1mSELECT * FROM `users` WHERE (`users`.`id` = 1) LIMIT 1[0m
Redirected to http://localhost:3000/
Completed in 18ms (DB: 4) | 302 Found [http://localhost/users/link_user_accounts]
  [4;35;1mSQL (0.1ms)[0m   [0mSET NAMES 'utf8'[0m
  [4;36;1mSQL (0.1ms)[0m   [0;1mSET SQL_AUTO_IS_NULL=0[0m


Processing UsersController#home (for 127.0.0.1 at 2009-10-16 13:02:23) [GET]
Rendering template within layouts/application
Rendering users/home
  [4;35;1mUser Columns (2.3ms)[0m   [0mSHOW FIELDS FROM `users`[0m
  [4;36;1mUser Load (1.4ms)[0m   [0;1mSELECT * FROM `users` WHERE (`users`.`id` = 1) LIMIT 1[0m
Completed in 31ms (View: 20, DB: 4) | 200 OK [http://localhost/]
  [4;35;1mSQL (0.1ms)[0m   [0mSET NAMES 'utf8'[0m
  [4;36;1mSQL (0.1ms)[0m   [0;1mSET SQL_AUTO_IS_NULL=0[0m


Processing UsersController#link_user_accounts (for 127.0.0.1 at 2009-10-16 13:09:45) [GET]
  [4;35;1mUser Columns (3.6ms)[0m   [0mSHOW FIELDS FROM `users`[0m
  [4;36;1mUser Load (0.4ms)[0m   [0;1mSELECT * FROM `users` WHERE (`users`.`id` = 1) LIMIT 1[0m
Redirected to http://localhost:3000/
Completed in 20ms (DB: 4) | 302 Found [http://localhost/users/link_user_accounts]
  [4;35;1mSQL (1.2ms)[0m   [0mSET NAMES 'utf8'[0m
  [4;36;1mSQL (0.1ms)[0m   [0;1mSET SQL_AUTO_IS_NULL=0[0m


Processing UsersController#home (for 127.0.0.1 at 2009-10-16 13:09:45) [GET]
Rendering template within layouts/application
Rendering users/home
  [4;35;1mUser Columns (2.0ms)[0m   [0mSHOW FIELDS FROM `users`[0m
  [4;36;1mUser Load (0.3ms)[0m   [0;1mSELECT * FROM `users` WHERE (`users`.`id` = 1) LIMIT 1[0m
Completed in 21ms (View: 16, DB: 4) | 200 OK [http://localhost/]
  [4;35;1mSQL (0.1ms)[0m   [0mSET NAMES 'utf8'[0m
  [4;36;1mSQL (0.1ms)[0m   [0;1mSET SQL_AUTO_IS_NULL=0[0m


Processing UsersController#link_user_accounts (for 127.0.0.1 at 2009-10-16 13:10:34) [GET]
  [4;35;1mUser Columns (2.1ms)[0m   [0mSHOW FIELDS FROM `users`[0m
  [4;36;1mUser Load (1.5ms)[0m   [0;1mSELECT * FROM `users` WHERE (`users`.`id` = 1) LIMIT 1[0m
Redirected to http://localhost:3000/
Completed in 20ms (DB: 4) | 302 Found [http://localhost/users/link_user_accounts]
  [4;35;1mSQL (0.1ms)[0m   [0mSET NAMES 'utf8'[0m
  [4;36;1mSQL (0.1ms)[0m   [0;1mSET SQL_AUTO_IS_NULL=0[0m


Processing UsersController#home (for 127.0.0.1 at 2009-10-16 13:10:34) [GET]
facebook.users.getInfo (4.78129911422729) fields = status,political,pic_small,name,quotes,is_app_user,tv,profile_update_time,meeting_sex,hs_info,timezone,relationship_status,hometown_location,about_me,wall_count,significant_other_id,pic_big,music,work_history,sex,religion,notes_count,activities,pic_square,movies,has_added_app,education_history,birthday,birthday_date,first_name,meeting_for,last_name,interests,current_location,pic,books,affiliations,locale,profile_url,proxied_email,email_hashes,allowed_restrictions,pic_with_logo,pic_big_with_logo,pic_small_with_logo,pic_square_with_logo,online_presence,verified,profile_blurb,username,website,is_blocked,family, uids = 503484735
Rendering template within layouts/application
Rendering users/home
  [4;35;1mUser Columns (2.5ms)[0m   [0mSHOW FIELDS FROM `users`[0m
  [4;36;1mUser Load (0.3ms)[0m   [0;1mSELECT * FROM `users` WHERE (`users`.`id` = 1) LIMIT 1[0m
Completed in 4801ms (View: 13, DB: 3) | 200 OK [http://localhost/]
  [4;35;1mSQL (0.1ms)[0m   [0mSET NAMES 'utf8'[0m
  [4;36;1mSQL (0.1ms)[0m   [0;1mSET SQL_AUTO_IS_NULL=0[0m


Processing UsersController#link_user_accounts (for 127.0.0.1 at 2009-10-16 13:11:10) [GET]
  [4;35;1mUser Columns (2.9ms)[0m   [0mSHOW FIELDS FROM `users`[0m
  [4;36;1mUser Load (1.6ms)[0m   [0;1mSELECT * FROM `users` WHERE (`users`.`id` = 1) LIMIT 1[0m
Redirected to http://localhost:3000/
Completed in 20ms (DB: 5) | 302 Found [http://localhost/users/link_user_accounts]
  [4;35;1mSQL (0.2ms)[0m   [0mSET NAMES 'utf8'[0m
  [4;36;1mSQL (0.1ms)[0m   [0;1mSET SQL_AUTO_IS_NULL=0[0m


Processing UsersController#home (for 127.0.0.1 at 2009-10-16 13:11:10) [GET]
facebook.users.getInfo (0.850827932357788) fields = status,political,pic_small,name,quotes,is_app_user,tv,profile_update_time,meeting_sex,hs_info,timezone,relationship_status,hometown_location,about_me,wall_count,significant_other_id,pic_big,music,work_history,sex,religion,notes_count,activities,pic_square,movies,has_added_app,education_history,birthday,birthday_date,first_name,meeting_for,last_name,interests,current_location,pic,books,affiliations,locale,profile_url,proxied_email,email_hashes,allowed_restrictions,pic_with_logo,pic_big_with_logo,pic_small_with_logo,pic_square_with_logo,online_presence,verified,profile_blurb,username,website,is_blocked,family, uids = 503484735
Rendering template within layouts/application
Rendering users/home
  [4;35;1mUser Columns (2.0ms)[0m   [0mSHOW FIELDS FROM `users`[0m
  [4;36;1mUser Load (0.3ms)[0m   [0;1mSELECT * FROM `users` WHERE (`users`.`id` = 1) LIMIT 1[0m

ActionView::TemplateError (wrong number of arguments (0 for 1)) on line #8 of app/views/users/home.html.erb:
5: <p><a href="#" onclick='FB.Connect.logoutAndRedirect("/logout")'>Logout</a></p>
6: <u>Status:</u>
7: <fb:user-status uid="<%= current_user.fb_user_id%>" linked="true"/>
8: <% for @tags in tag %>
9:   <%= tag %>
10: <% end %>
11: 

    app/views/users/home.html.erb:8:in `tag'
    app/views/users/home.html.erb:8

Rendered rescues/_trace (46.6ms)
Rendered rescues/_request_and_response (0.4ms)
Rendering /Users/sthorpe/Programming/Rails/connect_tutorial/vendor/plugins/facebooker/templates/layout.erb (200)
  [4;35;1mSQL (0.1ms)[0m   [0mSET NAMES 'utf8'[0m
  [4;36;1mSQL (0.1ms)[0m   [0;1mSET SQL_AUTO_IS_NULL=0[0m


Processing UsersController#link_user_accounts (for 127.0.0.1 at 2009-10-16 13:12:17) [GET]
  [4;35;1mUser Columns (2.4ms)[0m   [0mSHOW FIELDS FROM `users`[0m
  [4;36;1mUser Load (0.6ms)[0m   [0;1mSELECT * FROM `users` WHERE (`users`.`id` = 1) LIMIT 1[0m
Redirected to http://localhost:3000/
Completed in 21ms (DB: 3) | 302 Found [http://localhost/users/link_user_accounts]
  [4;35;1mSQL (0.1ms)[0m   [0mSET NAMES 'utf8'[0m
  [4;36;1mSQL (0.1ms)[0m   [0;1mSET SQL_AUTO_IS_NULL=0[0m


Processing UsersController#home (for 127.0.0.1 at 2009-10-16 13:12:18) [GET]
facebook.users.getInfo (0.930243015289307) fields = status,political,pic_small,name,quotes,is_app_user,tv,profile_update_time,meeting_sex,hs_info,timezone,relationship_status,hometown_location,about_me,wall_count,significant_other_id,pic_big,music,work_history,sex,religion,notes_count,activities,pic_square,movies,has_added_app,education_history,birthday,birthday_date,first_name,meeting_for,last_name,interests,current_location,pic,books,affiliations,locale,profile_url,proxied_email,email_hashes,allowed_restrictions,pic_with_logo,pic_big_with_logo,pic_small_with_logo,pic_square_with_logo,online_presence,verified,profile_blurb,username,website,is_blocked,family, uids = 503484735
Rendering template within layouts/application
Rendering users/home
  [4;35;1mUser Columns (2.1ms)[0m   [0mSHOW FIELDS FROM `users`[0m
  [4;36;1mUser Load (0.3ms)[0m   [0;1mSELECT * FROM `users` WHERE (`users`.`id` = 1) LIMIT 1[0m
Completed in 953ms (View: 17, DB: 3) | 200 OK [http://localhost/]
  [4;35;1mSQL (0.1ms)[0m   [0mSET NAMES 'utf8'[0m
  [4;36;1mSQL (0.1ms)[0m   [0;1mSET SQL_AUTO_IS_NULL=0[0m


Processing UsersController#link_user_accounts (for 127.0.0.1 at 2009-10-16 13:12:34) [GET]
  [4;35;1mUser Columns (2.4ms)[0m   [0mSHOW FIELDS FROM `users`[0m
  [4;36;1mUser Load (0.6ms)[0m   [0;1mSELECT * FROM `users` WHERE (`users`.`id` = 1) LIMIT 1[0m
Redirected to http://localhost:3000/
Completed in 18ms (DB: 3) | 302 Found [http://localhost/users/link_user_accounts]
  [4;35;1mSQL (0.1ms)[0m   [0mSET NAMES 'utf8'[0m
  [4;36;1mSQL (0.1ms)[0m   [0;1mSET SQL_AUTO_IS_NULL=0[0m


Processing UsersController#home (for 127.0.0.1 at 2009-10-16 13:12:35) [GET]
facebook.users.getInfo (0.32240104675293) fields = status,political,pic_small,name,quotes,is_app_user,tv,profile_update_time,meeting_sex,hs_info,timezone,relationship_status,hometown_location,about_me,wall_count,significant_other_id,pic_big,music,work_history,sex,religion,notes_count,activities,pic_square,movies,has_added_app,education_history,birthday,birthday_date,first_name,meeting_for,last_name,interests,current_location,pic,books,affiliations,locale,profile_url,proxied_email,email_hashes,allowed_restrictions,pic_with_logo,pic_big_with_logo,pic_small_with_logo,pic_square_with_logo,online_presence,verified,profile_blurb,username,website,is_blocked,family, uids = 503484735
Rendering template within layouts/application
Rendering users/home
  [4;35;1mUser Columns (3.0ms)[0m   [0mSHOW FIELDS FROM `users`[0m
  [4;36;1mUser Load (0.3ms)[0m   [0;1mSELECT * FROM `users` WHERE (`users`.`id` = 1) LIMIT 1[0m
Completed in 346ms (View: 16, DB: 3) | 200 OK [http://localhost/]
  [4;35;1mSQL (0.1ms)[0m   [0mSET NAMES 'utf8'[0m
  [4;36;1mSQL (0.1ms)[0m   [0;1mSET SQL_AUTO_IS_NULL=0[0m


Processing UsersController#link_user_accounts (for 127.0.0.1 at 2009-10-16 13:13:02) [GET]
  [4;35;1mUser Columns (2.6ms)[0m   [0mSHOW FIELDS FROM `users`[0m
  [4;36;1mUser Load (1.4ms)[0m   [0;1mSELECT * FROM `users` WHERE (`users`.`id` = 1) LIMIT 1[0m
Redirected to http://localhost:3000/
Completed in 18ms (DB: 4) | 302 Found [http://localhost/users/link_user_accounts]
  [4;35;1mSQL (0.1ms)[0m   [0mSET NAMES 'utf8'[0m
  [4;36;1mSQL (0.1ms)[0m   [0;1mSET SQL_AUTO_IS_NULL=0[0m


Processing UsersController#home (for 127.0.0.1 at 2009-10-16 13:13:02) [GET]
facebook.users.getInfo (0.334578037261963) fields = status,political,pic_small,name,quotes,is_app_user,tv,profile_update_time,meeting_sex,hs_info,timezone,relationship_status,hometown_location,about_me,wall_count,significant_other_id,pic_big,music,work_history,sex,religion,notes_count,activities,pic_square,movies,has_added_app,education_history,birthday,birthday_date,first_name,meeting_for,last_name,interests,current_location,pic,books,affiliations,locale,profile_url,proxied_email,email_hashes,allowed_restrictions,pic_with_logo,pic_big_with_logo,pic_small_with_logo,pic_square_with_logo,online_presence,verified,profile_blurb,username,website,is_blocked,family, uids = 503484735
Rendering template within layouts/application
Rendering users/home
  [4;35;1mUser Columns (2.3ms)[0m   [0mSHOW FIELDS FROM `users`[0m
  [4;36;1mUser Load (0.4ms)[0m   [0;1mSELECT * FROM `users` WHERE (`users`.`id` = 1) LIMIT 1[0m
Completed in 358ms (View: 16, DB: 3) | 200 OK [http://localhost/]
  [4;35;1mSQL (0.1ms)[0m   [0mSET NAMES 'utf8'[0m
  [4;36;1mSQL (0.1ms)[0m   [0;1mSET SQL_AUTO_IS_NULL=0[0m


Processing UsersController#link_user_accounts (for 127.0.0.1 at 2009-10-16 13:13:11) [GET]
  [4;35;1mUser Columns (4.0ms)[0m   [0mSHOW FIELDS FROM `users`[0m
  [4;36;1mUser Load (1.7ms)[0m   [0;1mSELECT * FROM `users` WHERE (`users`.`id` = 1) LIMIT 1[0m
Redirected to http://localhost:3000/
Completed in 28ms (DB: 6) | 302 Found [http://localhost/users/link_user_accounts]
  [4;35;1mSQL (0.2ms)[0m   [0mSET NAMES 'utf8'[0m
  [4;36;1mSQL (0.1ms)[0m   [0;1mSET SQL_AUTO_IS_NULL=0[0m


Processing UsersController#home (for 127.0.0.1 at 2009-10-16 13:13:11) [GET]
facebook.users.getInfo (0.357282876968384) fields = status,political,pic_small,name,quotes,is_app_user,tv,profile_update_time,meeting_sex,hs_info,timezone,relationship_status,hometown_location,about_me,wall_count,significant_other_id,pic_big,music,work_history,sex,religion,notes_count,activities,pic_square,movies,has_added_app,education_history,birthday,birthday_date,first_name,meeting_for,last_name,interests,current_location,pic,books,affiliations,locale,profile_url,proxied_email,email_hashes,allowed_restrictions,pic_with_logo,pic_big_with_logo,pic_small_with_logo,pic_square_with_logo,online_presence,verified,profile_blurb,username,website,is_blocked,family, uids = 503484735
Rendering template within layouts/application
Rendering users/home
  [4;35;1mUser Columns (2.0ms)[0m   [0mSHOW FIELDS FROM `users`[0m
  [4;36;1mUser Load (1.3ms)[0m   [0;1mSELECT * FROM `users` WHERE (`users`.`id` = 1) LIMIT 1[0m
Completed in 381ms (View: 17, DB: 4) | 200 OK [http://localhost/]
  [4;35;1mSQL (0.1ms)[0m   [0mSET NAMES 'utf8'[0m
  [4;36;1mSQL (0.2ms)[0m   [0;1mSET SQL_AUTO_IS_NULL=0[0m


Processing UsersController#link_user_accounts (for 127.0.0.1 at 2009-10-16 13:13:21) [GET]
  [4;35;1mUser Columns (2.7ms)[0m   [0mSHOW FIELDS FROM `users`[0m
  [4;36;1mUser Load (1.7ms)[0m   [0;1mSELECT * FROM `users` WHERE (`users`.`id` = 1) LIMIT 1[0m
Redirected to http://localhost:3000/
Completed in 18ms (DB: 5) | 302 Found [http://localhost/users/link_user_accounts]
  [4;35;1mSQL (0.1ms)[0m   [0mSET NAMES 'utf8'[0m
  [4;36;1mSQL (0.1ms)[0m   [0;1mSET SQL_AUTO_IS_NULL=0[0m


Processing UsersController#home (for 127.0.0.1 at 2009-10-16 13:13:21) [GET]
facebook.users.getInfo (4.75754499435425) fields = status,political,pic_small,name,quotes,is_app_user,tv,profile_update_time,meeting_sex,hs_info,timezone,relationship_status,hometown_location,about_me,wall_count,significant_other_id,pic_big,music,work_history,sex,religion,notes_count,activities,pic_square,movies,has_added_app,education_history,birthday,birthday_date,first_name,meeting_for,last_name,interests,current_location,pic,books,affiliations,locale,profile_url,proxied_email,email_hashes,allowed_restrictions,pic_with_logo,pic_big_with_logo,pic_small_with_logo,pic_square_with_logo,online_presence,verified,profile_blurb,username,website,is_blocked,family, uids = 503484735
Rendering template within layouts/application
Rendering users/home
  [4;35;1mUser Columns (2.1ms)[0m   [0mSHOW FIELDS FROM `users`[0m
  [4;36;1mUser Load (0.3ms)[0m   [0;1mSELECT * FROM `users` WHERE (`users`.`id` = 1) LIMIT 1[0m
Completed in 4780ms (View: 16, DB: 3) | 200 OK [http://localhost/]
  [4;35;1mSQL (0.1ms)[0m   [0mSET NAMES 'utf8'[0m
  [4;36;1mSQL (0.1ms)[0m   [0;1mSET SQL_AUTO_IS_NULL=0[0m


Processing UsersController#link_user_accounts (for 127.0.0.1 at 2009-10-16 13:14:51) [GET]
  [4;35;1mUser Columns (3.6ms)[0m   [0mSHOW FIELDS FROM `users`[0m
  [4;36;1mUser Load (0.6ms)[0m   [0;1mSELECT * FROM `users` WHERE (`users`.`id` = 1) LIMIT 1[0m
Redirected to http://localhost:3000/
Completed in 21ms (DB: 4) | 302 Found [http://localhost/users/link_user_accounts]
  [4;35;1mSQL (0.1ms)[0m   [0mSET NAMES 'utf8'[0m
  [4;36;1mSQL (0.1ms)[0m   [0;1mSET SQL_AUTO_IS_NULL=0[0m


Processing UsersController#home (for 127.0.0.1 at 2009-10-16 13:14:51) [GET]
facebook.users.getInfo (1.373291015625) fields = status,political,pic_small,name,quotes,is_app_user,tv,profile_update_time,meeting_sex,hs_info,timezone,relationship_status,hometown_location,about_me,wall_count,significant_other_id,pic_big,music,work_history,sex,religion,notes_count,activities,pic_square,movies,has_added_app,education_history,birthday,birthday_date,first_name,meeting_for,last_name,interests,current_location,pic,books,affiliations,locale,profile_url,proxied_email,email_hashes,allowed_restrictions,pic_with_logo,pic_big_with_logo,pic_small_with_logo,pic_square_with_logo,online_presence,verified,profile_blurb,username,website,is_blocked,family, uids = 503484735
Rendering template within layouts/application
Rendering users/home
  [4;35;1mUser Columns (2.3ms)[0m   [0mSHOW FIELDS FROM `users`[0m
  [4;36;1mUser Load (0.3ms)[0m   [0;1mSELECT * FROM `users` WHERE (`users`.`id` = 1) LIMIT 1[0m

ActionView::TemplateError (undefined local variable or method `facebook_user' for #<ActionView::Base:0x21f7064>) on line #14 of app/views/users/home.html.erb:
11: <fb:user-status uid="<%= current_user.fb_user_id%>" linked="true"/>
12: <br/>
13: <u>Friends:</u>
14: <%= facebook_user.friends %>
15: <% else %>
16: <p>why don't you connect with your facebook account</p>
17: <%= fb_login_button('window.location = "/users/link_user_accounts";')%>

    app/views/users/home.html.erb:14

Rendered rescues/_trace (44.7ms)
Rendered rescues/_request_and_response (0.3ms)
Rendering /Users/sthorpe/Programming/Rails/connect_tutorial/vendor/plugins/facebooker/templates/layout.erb (200)
  [4;35;1mSQL (0.1ms)[0m   [0mSET NAMES 'utf8'[0m
  [4;36;1mSQL (0.1ms)[0m   [0;1mSET SQL_AUTO_IS_NULL=0[0m


Processing UsersController#link_user_accounts (for 127.0.0.1 at 2009-10-16 13:15:23) [GET]
  [4;35;1mUser Columns (2.3ms)[0m   [0mSHOW FIELDS FROM `users`[0m
  [4;36;1mUser Load (1.5ms)[0m   [0;1mSELECT * FROM `users` WHERE (`users`.`id` = 1) LIMIT 1[0m
Redirected to http://localhost:3000/
Completed in 19ms (DB: 4) | 302 Found [http://localhost/users/link_user_accounts]
  [4;35;1mSQL (0.1ms)[0m   [0mSET NAMES 'utf8'[0m
  [4;36;1mSQL (0.1ms)[0m   [0;1mSET SQL_AUTO_IS_NULL=0[0m


Processing UsersController#home (for 127.0.0.1 at 2009-10-16 13:15:23) [GET]
facebook.users.getInfo (2.22804498672485) fields = status,political,pic_small,name,quotes,is_app_user,tv,profile_update_time,meeting_sex,hs_info,timezone,relationship_status,hometown_location,about_me,wall_count,significant_other_id,pic_big,music,work_history,sex,religion,notes_count,activities,pic_square,movies,has_added_app,education_history,birthday,birthday_date,first_name,meeting_for,last_name,interests,current_location,pic,books,affiliations,locale,profile_url,proxied_email,email_hashes,allowed_restrictions,pic_with_logo,pic_big_with_logo,pic_small_with_logo,pic_square_with_logo,online_presence,verified,profile_blurb,username,website,is_blocked,family, uids = 503484735
Rendering template within layouts/application
Rendering users/home
  [4;35;1mUser Columns (2.1ms)[0m   [0mSHOW FIELDS FROM `users`[0m
  [4;36;1mUser Load (0.3ms)[0m   [0;1mSELECT * FROM `users` WHERE (`users`.`id` = 1) LIMIT 1[0m

ActionView::TemplateError (undefined method `facebook_user' for #<User:0x255cf9c>) on line #14 of app/views/users/home.html.erb:
11: <fb:user-status uid="<%= current_user.fb_user_id%>" linked="true"/>
12: <br/>
13: <u>Friends:</u>
14: <%= current_user.facebook_user.friends %>
15: <% else %>
16: <p>why don't you connect with your facebook account</p>
17: <%= fb_login_button('window.location = "/users/link_user_accounts";')%>

    app/views/users/home.html.erb:14

Rendered rescues/_trace (46.2ms)
Rendered rescues/_request_and_response (0.3ms)
Rendering /Users/sthorpe/Programming/Rails/connect_tutorial/vendor/plugins/facebooker/templates/layout.erb (200)
  [4;35;1mSQL (0.1ms)[0m   [0mSET NAMES 'utf8'[0m
  [4;36;1mSQL (0.1ms)[0m   [0;1mSET SQL_AUTO_IS_NULL=0[0m


Processing UsersController#link_user_accounts (for 127.0.0.1 at 2009-10-16 13:16:29) [GET]
  [4;35;1mUser Columns (2.7ms)[0m   [0mSHOW FIELDS FROM `users`[0m
  [4;36;1mUser Load (0.6ms)[0m   [0;1mSELECT * FROM `users` WHERE (`users`.`id` = 1) LIMIT 1[0m
Redirected to http://localhost:3000/
Completed in 18ms (DB: 4) | 302 Found [http://localhost/users/link_user_accounts]
  [4;35;1mSQL (0.1ms)[0m   [0mSET NAMES 'utf8'[0m
  [4;36;1mSQL (0.1ms)[0m   [0;1mSET SQL_AUTO_IS_NULL=0[0m


Processing UsersController#home (for 127.0.0.1 at 2009-10-16 13:16:29) [GET]
facebook.users.getInfo (4.02839493751526) fields = status,political,pic_small,name,quotes,is_app_user,tv,profile_update_time,meeting_sex,hs_info,timezone,relationship_status,hometown_location,about_me,wall_count,significant_other_id,pic_big,music,work_history,sex,religion,notes_count,activities,pic_square,movies,has_added_app,education_history,birthday,birthday_date,first_name,meeting_for,last_name,interests,current_location,pic,books,affiliations,locale,profile_url,proxied_email,email_hashes,allowed_restrictions,pic_with_logo,pic_big_with_logo,pic_small_with_logo,pic_square_with_logo,online_presence,verified,profile_blurb,username,website,is_blocked,family, uids = 503484735
facebook.friends.get (2.24997401237488) uid = 503484735
Rendering template within layouts/application
Rendering users/home
  [4;35;1mUser Columns (2.1ms)[0m   [0mSHOW FIELDS FROM `users`[0m
  [4;36;1mUser Load (0.3ms)[0m   [0;1mSELECT * FROM `users` WHERE (`users`.`id` = 1) LIMIT 1[0m
Completed in 6302ms (View: 16, DB: 3) | 200 OK [http://localhost/]
  [4;35;1mSQL (0.6ms)[0m   [0mSET NAMES 'utf8'[0m
  [4;36;1mSQL (0.1ms)[0m   [0;1mSET SQL_AUTO_IS_NULL=0[0m


Processing UsersController#link_user_accounts (for 127.0.0.1 at 2009-10-16 13:16:49) [GET]
  [4;35;1mUser Columns (2.1ms)[0m   [0mSHOW FIELDS FROM `users`[0m
  [4;36;1mUser Load (10.3ms)[0m   [0;1mSELECT * FROM `users` WHERE (`users`.`id` = 1) LIMIT 1[0m
Redirected to http://localhost:3000/
Completed in 31ms (DB: 13) | 302 Found [http://localhost/users/link_user_accounts]
  [4;35;1mSQL (0.1ms)[0m   [0mSET NAMES 'utf8'[0m
  [4;36;1mSQL (0.1ms)[0m   [0;1mSET SQL_AUTO_IS_NULL=0[0m


Processing UsersController#home (for 127.0.0.1 at 2009-10-16 13:16:49) [GET]
facebook.users.getInfo (3.85253095626831) fields = status,political,pic_small,name,quotes,is_app_user,tv,profile_update_time,meeting_sex,hs_info,timezone,relationship_status,hometown_location,about_me,wall_count,significant_other_id,pic_big,music,work_history,sex,religion,notes_count,activities,pic_square,movies,has_added_app,education_history,birthday,birthday_date,first_name,meeting_for,last_name,interests,current_location,pic,books,affiliations,locale,profile_url,proxied_email,email_hashes,allowed_restrictions,pic_with_logo,pic_big_with_logo,pic_small_with_logo,pic_square_with_logo,online_presence,verified,profile_blurb,username,website,is_blocked,family, uids = 503484735
facebook.friends.get (2.19814109802246) uid = 503484735
Rendering template within layouts/application
Rendering users/home
  [4;35;1mUser Columns (2.1ms)[0m   [0mSHOW FIELDS FROM `users`[0m
  [4;36;1mUser Load (0.4ms)[0m   [0;1mSELECT * FROM `users` WHERE (`users`.`id` = 1) LIMIT 1[0m
Completed in 6075ms (View: 17, DB: 3) | 200 OK [http://localhost/]
  [4;35;1mSQL (0.1ms)[0m   [0mSET NAMES 'utf8'[0m
  [4;36;1mSQL (0.1ms)[0m   [0;1mSET SQL_AUTO_IS_NULL=0[0m


Processing UsersController#link_user_accounts (for 127.0.0.1 at 2009-10-16 13:17:22) [GET]
  [4;35;1mUser Columns (2.4ms)[0m   [0mSHOW FIELDS FROM `users`[0m
  [4;36;1mUser Load (0.6ms)[0m   [0;1mSELECT * FROM `users` WHERE (`users`.`id` = 1) LIMIT 1[0m
Redirected to http://localhost:3000/
Completed in 20ms (DB: 3) | 302 Found [http://localhost/users/link_user_accounts]
  [4;35;1mSQL (0.1ms)[0m   [0mSET NAMES 'utf8'[0m
  [4;36;1mSQL (0.1ms)[0m   [0;1mSET SQL_AUTO_IS_NULL=0[0m


Processing UsersController#home (for 127.0.0.1 at 2009-10-16 13:17:22) [GET]
facebook.users.getInfo (13.2917439937592) fields = status,political,pic_small,name,quotes,is_app_user,tv,profile_update_time,meeting_sex,hs_info,timezone,relationship_status,hometown_location,about_me,wall_count,significant_other_id,pic_big,music,work_history,sex,religion,notes_count,activities,pic_square,movies,has_added_app,education_history,birthday,birthday_date,first_name,meeting_for,last_name,interests,current_location,pic,books,affiliations,locale,profile_url,proxied_email,email_hashes,allowed_restrictions,pic_with_logo,pic_big_with_logo,pic_small_with_logo,pic_square_with_logo,online_presence,verified,profile_blurb,username,website,is_blocked,family, uids = 503484735
facebook.friends.getLists (2.88565111160278) 
Rendering template within layouts/application
Rendering users/home
  [4;35;1mUser Columns (2.4ms)[0m   [0mSHOW FIELDS FROM `users`[0m
  [4;36;1mUser Load (0.3ms)[0m   [0;1mSELECT * FROM `users` WHERE (`users`.`id` = 1) LIMIT 1[0m
Completed in 16196ms (View: 12, DB: 3) | 200 OK [http://localhost/]
  [4;35;1mSQL (0.1ms)[0m   [0mSET NAMES 'utf8'[0m
  [4;36;1mSQL (0.1ms)[0m   [0;1mSET SQL_AUTO_IS_NULL=0[0m


Processing UsersController#link_user_accounts (for 127.0.0.1 at 2009-10-16 13:17:52) [GET]
  [4;35;1mUser Columns (4.2ms)[0m   [0mSHOW FIELDS FROM `users`[0m
  [4;36;1mUser Load (1.5ms)[0m   [0;1mSELECT * FROM `users` WHERE (`users`.`id` = 1) LIMIT 1[0m
Redirected to http://localhost:3000/
Completed in 21ms (DB: 6) | 302 Found [http://localhost/users/link_user_accounts]
  [4;35;1mSQL (0.1ms)[0m   [0mSET NAMES 'utf8'[0m
  [4;36;1mSQL (0.1ms)[0m   [0;1mSET SQL_AUTO_IS_NULL=0[0m


Processing UsersController#home (for 127.0.0.1 at 2009-10-16 13:17:52) [GET]
facebook.users.getInfo (0.29692816734314) fields = status,political,pic_small,name,quotes,is_app_user,tv,profile_update_time,meeting_sex,hs_info,timezone,relationship_status,hometown_location,about_me,wall_count,significant_other_id,pic_big,music,work_history,sex,religion,notes_count,activities,pic_square,movies,has_added_app,education_history,birthday,birthday_date,first_name,meeting_for,last_name,interests,current_location,pic,books,affiliations,locale,profile_url,proxied_email,email_hashes,allowed_restrictions,pic_with_logo,pic_big_with_logo,pic_small_with_logo,pic_square_with_logo,online_presence,verified,profile_blurb,username,website,is_blocked,family, uids = 503484735
Rendering template within layouts/application
Rendering users/home
  [4;35;1mUser Columns (2.1ms)[0m   [0mSHOW FIELDS FROM `users`[0m
  [4;36;1mUser Load (0.3ms)[0m   [0;1mSELECT * FROM `users` WHERE (`users`.`id` = 1) LIMIT 1[0m
Completed in 316ms (View: 13, DB: 3) | 200 OK [http://localhost/]
  [4;35;1mSQL (0.1ms)[0m   [0mSET NAMES 'utf8'[0m
  [4;36;1mSQL (0.1ms)[0m   [0;1mSET SQL_AUTO_IS_NULL=0[0m


Processing UsersController#link_user_accounts (for 127.0.0.1 at 2009-10-16 13:18:36) [GET]
  [4;35;1mUser Columns (2.4ms)[0m   [0mSHOW FIELDS FROM `users`[0m
  [4;36;1mUser Load (0.4ms)[0m   [0;1mSELECT * FROM `users` WHERE (`users`.`id` = 1) LIMIT 1[0m
Redirected to http://localhost:3000/
Completed in 19ms (DB: 3) | 302 Found [http://localhost/users/link_user_accounts]
  [4;35;1mSQL (0.1ms)[0m   [0mSET NAMES 'utf8'[0m
  [4;36;1mSQL (0.1ms)[0m   [0;1mSET SQL_AUTO_IS_NULL=0[0m


Processing UsersController#home (for 127.0.0.1 at 2009-10-16 13:18:36) [GET]
facebook.users.getInfo (0.325479984283447) fields = status,political,pic_small,name,quotes,is_app_user,tv,profile_update_time,meeting_sex,hs_info,timezone,relationship_status,hometown_location,about_me,wall_count,significant_other_id,pic_big,music,work_history,sex,religion,notes_count,activities,pic_square,movies,has_added_app,education_history,birthday,birthday_date,first_name,meeting_for,last_name,interests,current_location,pic,books,affiliations,locale,profile_url,proxied_email,email_hashes,allowed_restrictions,pic_with_logo,pic_big_with_logo,pic_small_with_logo,pic_square_with_logo,online_presence,verified,profile_blurb,username,website,is_blocked,family, uids = 503484735
facebook.friends.get (0.243661880493164) uid = 503484735
Rendering template within layouts/application
Rendering users/home
  [4;35;1mUser Columns (2.2ms)[0m   [0mSHOW FIELDS FROM `users`[0m
  [4;36;1mUser Load (0.3ms)[0m   [0;1mSELECT * FROM `users` WHERE (`users`.`id` = 1) LIMIT 1[0m
Completed in 590ms (View: 13, DB: 3) | 200 OK [http://localhost/]
  [4;35;1mSQL (0.1ms)[0m   [0mSET NAMES 'utf8'[0m
  [4;36;1mSQL (0.1ms)[0m   [0;1mSET SQL_AUTO_IS_NULL=0[0m


Processing UsersController#link_user_accounts (for 127.0.0.1 at 2009-10-16 13:18:46) [GET]
  [4;35;1mUser Columns (2.6ms)[0m   [0mSHOW FIELDS FROM `users`[0m
  [4;36;1mUser Load (1.4ms)[0m   [0;1mSELECT * FROM `users` WHERE (`users`.`id` = 1) LIMIT 1[0m
Redirected to http://localhost:3000/
Completed in 18ms (DB: 4) | 302 Found [http://localhost/users/link_user_accounts]
  [4;35;1mSQL (0.1ms)[0m   [0mSET NAMES 'utf8'[0m
  [4;36;1mSQL (0.1ms)[0m   [0;1mSET SQL_AUTO_IS_NULL=0[0m


Processing UsersController#home (for 127.0.0.1 at 2009-10-16 13:18:46) [GET]
facebook.users.getInfo (1.28803110122681) fields = status,political,pic_small,name,quotes,is_app_user,tv,profile_update_time,meeting_sex,hs_info,timezone,relationship_status,hometown_location,about_me,wall_count,significant_other_id,pic_big,music,work_history,sex,religion,notes_count,activities,pic_square,movies,has_added_app,education_history,birthday,birthday_date,first_name,meeting_for,last_name,interests,current_location,pic,books,affiliations,locale,profile_url,proxied_email,email_hashes,allowed_restrictions,pic_with_logo,pic_big_with_logo,pic_small_with_logo,pic_square_with_logo,online_presence,verified,profile_blurb,username,website,is_blocked,family, uids = 503484735
facebook.friends.get (0.181671142578125) uid = 503484735
Rendering template within layouts/application
Rendering users/home
  [4;35;1mUser Columns (2.0ms)[0m   [0mSHOW FIELDS FROM `users`[0m
  [4;36;1mUser Load (0.3ms)[0m   [0;1mSELECT * FROM `users` WHERE (`users`.`id` = 1) LIMIT 1[0m

ActionView::TemplateError (stack level too deep) on line #10 of app/views/users/home.html.erb:
7: <%= @tags %>
8: <br/>
9: <u>Friends:</u>
10: <%= @friends.to_json %>
11: <br/>
12: <u>Status:</u>
13: <fb:user-status uid="<%= current_user.fb_user_id%>" linked="true"/>

    app/views/users/home.html.erb:10

Rendered rescues/_trace (4922.4ms)
Rendered rescues/_request_and_response (0.4ms)
Rendering /Users/sthorpe/Programming/Rails/connect_tutorial/vendor/plugins/facebooker/templates/layout.erb (200)
  [4;35;1mSQL (0.1ms)[0m   [0mSET NAMES 'utf8'[0m
  [4;36;1mSQL (0.1ms)[0m   [0;1mSET SQL_AUTO_IS_NULL=0[0m


Processing UsersController#link_user_accounts (for 127.0.0.1 at 2009-10-16 13:19:10) [GET]
  [4;35;1mUser Columns (2.1ms)[0m   [0mSHOW FIELDS FROM `users`[0m
  [4;36;1mUser Load (1.6ms)[0m   [0;1mSELECT * FROM `users` WHERE (`users`.`id` = 1) LIMIT 1[0m
Redirected to http://localhost:3000/
Completed in 19ms (DB: 4) | 302 Found [http://localhost/users/link_user_accounts]
  [4;35;1mSQL (0.1ms)[0m   [0mSET NAMES 'utf8'[0m
  [4;36;1mSQL (0.1ms)[0m   [0;1mSET SQL_AUTO_IS_NULL=0[0m


Processing UsersController#home (for 127.0.0.1 at 2009-10-16 13:19:10) [GET]
facebook.users.getInfo (1.29811096191406) fields = status,political,pic_small,name,quotes,is_app_user,tv,profile_update_time,meeting_sex,hs_info,timezone,relationship_status,hometown_location,about_me,wall_count,significant_other_id,pic_big,music,work_history,sex,religion,notes_count,activities,pic_square,movies,has_added_app,education_history,birthday,birthday_date,first_name,meeting_for,last_name,interests,current_location,pic,books,affiliations,locale,profile_url,proxied_email,email_hashes,allowed_restrictions,pic_with_logo,pic_big_with_logo,pic_small_with_logo,pic_square_with_logo,online_presence,verified,profile_blurb,username,website,is_blocked,family, uids = 503484735
facebook.friends.get (0.142359972000122) uid = 503484735
Rendering template within layouts/application
Rendering users/home
  [4;35;1mUser Columns (2.2ms)[0m   [0mSHOW FIELDS FROM `users`[0m
  [4;36;1mUser Load (0.3ms)[0m   [0;1mSELECT * FROM `users` WHERE (`users`.`id` = 1) LIMIT 1[0m

ActionView::TemplateError (stack level too deep) on line #10 of app/views/users/home.html.erb:
7: <%= @tags %>
8: <br/>
9: <u>Friends:</u>
10: <%= @friends.to_json %>
11: <br/>
12: <u>Status:</u>
13: <fb:user-status uid="<%= current_user.fb_user_id%>" linked="true"/>

    app/views/users/home.html.erb:10

Rendered rescues/_trace (4798.9ms)
Rendered rescues/_request_and_response (0.4ms)
Rendering /Users/sthorpe/Programming/Rails/connect_tutorial/vendor/plugins/facebooker/templates/layout.erb (200)
  [4;35;1mSQL (0.1ms)[0m   [0mSET NAMES 'utf8'[0m
  [4;36;1mSQL (0.1ms)[0m   [0;1mSET SQL_AUTO_IS_NULL=0[0m


Processing UsersController#link_user_accounts (for 127.0.0.1 at 2009-10-16 13:19:27) [GET]
  [4;35;1mUser Columns (2.6ms)[0m   [0mSHOW FIELDS FROM `users`[0m
  [4;36;1mUser Load (0.7ms)[0m   [0;1mSELECT * FROM `users` WHERE (`users`.`id` = 1) LIMIT 1[0m
Redirected to http://localhost:3000/
Completed in 23ms (DB: 4) | 302 Found [http://localhost/users/link_user_accounts]
  [4;35;1mSQL (0.1ms)[0m   [0mSET NAMES 'utf8'[0m
  [4;36;1mSQL (0.1ms)[0m   [0;1mSET SQL_AUTO_IS_NULL=0[0m


Processing UsersController#home (for 127.0.0.1 at 2009-10-16 13:19:27) [GET]
facebook.users.getInfo (2.58867883682251) fields = status,political,pic_small,name,quotes,is_app_user,tv,profile_update_time,meeting_sex,hs_info,timezone,relationship_status,hometown_location,about_me,wall_count,significant_other_id,pic_big,music,work_history,sex,religion,notes_count,activities,pic_square,movies,has_added_app,education_history,birthday,birthday_date,first_name,meeting_for,last_name,interests,current_location,pic,books,affiliations,locale,profile_url,proxied_email,email_hashes,allowed_restrictions,pic_with_logo,pic_big_with_logo,pic_small_with_logo,pic_square_with_logo,online_presence,verified,profile_blurb,username,website,is_blocked,family, uids = 503484735
facebook.friends.get (2.10714101791382) uid = 503484735
Rendering template within layouts/application
Rendering users/home
  [4;35;1mUser Columns (2.1ms)[0m   [0mSHOW FIELDS FROM `users`[0m
  [4;36;1mUser Load (0.3ms)[0m   [0;1mSELECT * FROM `users` WHERE (`users`.`id` = 1) LIMIT 1[0m
Completed in 4783ms (View: 80, DB: 3) | 200 OK [http://localhost/]
  [4;35;1mSQL (0.1ms)[0m   [0mSET NAMES 'utf8'[0m
  [4;36;1mSQL (0.1ms)[0m   [0;1mSET SQL_AUTO_IS_NULL=0[0m


Processing UsersController#link_user_accounts (for 127.0.0.1 at 2009-10-16 13:21:00) [GET]
  [4;35;1mUser Columns (2.1ms)[0m   [0mSHOW FIELDS FROM `users`[0m
  [4;36;1mUser Load (1.5ms)[0m   [0;1mSELECT * FROM `users` WHERE (`users`.`id` = 1) LIMIT 1[0m
Redirected to http://localhost:3000/
Completed in 22ms (DB: 4) | 302 Found [http://localhost/users/link_user_accounts]
  [4;35;1mSQL (0.1ms)[0m   [0mSET NAMES 'utf8'[0m
  [4;36;1mSQL (0.1ms)[0m   [0;1mSET SQL_AUTO_IS_NULL=0[0m


Processing UsersController#home (for 127.0.0.1 at 2009-10-16 13:21:00) [GET]
facebook.users.getInfo (0.913503170013428) fields = status,political,pic_small,name,quotes,is_app_user,tv,profile_update_time,meeting_sex,hs_info,timezone,relationship_status,hometown_location,about_me,wall_count,significant_other_id,pic_big,music,work_history,sex,religion,notes_count,activities,pic_square,movies,has_added_app,education_history,birthday,birthday_date,first_name,meeting_for,last_name,interests,current_location,pic,books,affiliations,locale,profile_url,proxied_email,email_hashes,allowed_restrictions,pic_with_logo,pic_big_with_logo,pic_small_with_logo,pic_square_with_logo,online_presence,verified,profile_blurb,username,website,is_blocked,family, uids = 503484735
facebook.friends.get (0.322131872177124) uid = 503484735
Rendering template within layouts/application
Rendering users/home
  [4;35;1mUser Columns (2.1ms)[0m   [0mSHOW FIELDS FROM `users`[0m
  [4;36;1mUser Load (0.3ms)[0m   [0;1mSELECT * FROM `users` WHERE (`users`.`id` = 1) LIMIT 1[0m

ActionView::TemplateError (undefined local variable or method `friend' for #<ActionView::Base:0x2448d04>) on line #10 of app/views/users/home.html.erb:
7: <%= @tags %>
8: <br/>
9: <u>Friends:</u>
10: <% for @friends in friend %>
11:   <fb:profile-pic uid="<%= friend%>" facebook-logo="true" size="thumb" ></fb:profile-pic>
12: <% end %>
13: <br/>

    app/views/users/home.html.erb:10

Rendered rescues/_trace (45.8ms)
Rendered rescues/_request_and_response (0.3ms)
Rendering /Users/sthorpe/Programming/Rails/connect_tutorial/vendor/plugins/facebooker/templates/layout.erb (200)
  [4;35;1mSQL (0.1ms)[0m   [0mSET NAMES 'utf8'[0m
  [4;36;1mSQL (0.1ms)[0m   [0;1mSET SQL_AUTO_IS_NULL=0[0m


Processing UsersController#link_user_accounts (for 127.0.0.1 at 2009-10-16 13:21:32) [GET]
  [4;35;1mUser Columns (3.2ms)[0m   [0mSHOW FIELDS FROM `users`[0m
  [4;36;1mUser Load (2.0ms)[0m   [0;1mSELECT * FROM `users` WHERE (`users`.`id` = 1) LIMIT 1[0m
Redirected to http://localhost:3000/
Completed in 22ms (DB: 5) | 302 Found [http://localhost/users/link_user_accounts]
  [4;35;1mSQL (0.1ms)[0m   [0mSET NAMES 'utf8'[0m
  [4;36;1mSQL (0.1ms)[0m   [0;1mSET SQL_AUTO_IS_NULL=0[0m


Processing UsersController#home (for 127.0.0.1 at 2009-10-16 13:21:32) [GET]
facebook.users.getInfo (2.32326102256775) fields = status,political,pic_small,name,quotes,is_app_user,tv,profile_update_time,meeting_sex,hs_info,timezone,relationship_status,hometown_location,about_me,wall_count,significant_other_id,pic_big,music,work_history,sex,religion,notes_count,activities,pic_square,movies,has_added_app,education_history,birthday,birthday_date,first_name,meeting_for,last_name,interests,current_location,pic,books,affiliations,locale,profile_url,proxied_email,email_hashes,allowed_restrictions,pic_with_logo,pic_big_with_logo,pic_small_with_logo,pic_square_with_logo,online_presence,verified,profile_blurb,username,website,is_blocked,family, uids = 503484735
facebook.friends.get (0.205761194229126) uid = 503484735
Rendering template within layouts/application
Rendering users/home
  [4;35;1mUser Columns (2.1ms)[0m   [0mSHOW FIELDS FROM `users`[0m
  [4;36;1mUser Load (0.3ms)[0m   [0;1mSELECT * FROM `users` WHERE (`users`.`id` = 1) LIMIT 1[0m
Completed in 2552ms (View: 16, DB: 3) | 200 OK [http://localhost/]
